  Bacterium.cpp
C:\Users\User\Desktop\Advanced Step 3\Objects.h(18,13): warning C4244: =: преобразование "int" в "float", возможна потеря данных
C:\Users\User\Desktop\Advanced Step 3\Objects.h(19,13): warning C4244: =: преобразование "int" в "float", возможна потеря данных
C:\Users\User\Desktop\Advanced Step 3\Bacterium.h(23,15): warning C4244: аргумент: преобразование "float" в "int", возможна потеря данных
C:\Users\User\Desktop\Advanced Step 3\Bacterium.h(23,12): warning C4244: аргумент: преобразование "float" в "int", возможна потеря данных
C:\Users\User\Desktop\Advanced Step 3\Nutrient_particle.h(17,17): warning C4244: аргумент: преобразование "float" в "int", возможна потеря данных
C:\Users\User\Desktop\Advanced Step 3\Nutrient_particle.h(17,14): warning C4244: аргумент: преобразование "float" в "int", возможна потеря данных
C:\Users\User\Desktop\Advanced Step 3\Bacterium.cpp(15,21): warning C4305: инициализация: усечение из "double" в "float"
C:\Users\User\Desktop\Advanced Step 3\Bacterium.cpp(16,20): warning C4305: инициализация: усечение из "double" в "float"
C:\Users\User\Desktop\Advanced Step 3\Bacterium.cpp(71,31): warning C4244: =: преобразование "double" в "float", возможна потеря данных
C:\Users\User\Desktop\Advanced Step 3\Bacterium.cpp(77,32): warning C4244: =: преобразование "double" в "float", возможна потеря данных
C:\Users\User\Desktop\Advanced Step 3\Bacterium.cpp(86,32): warning C4244: =: преобразование "double" в "float", возможна потеря данных
C:\Users\User\Desktop\Advanced Step 3\Bacterium.cpp(92,32): warning C4244: =: преобразование "double" в "float", возможна потеря данных
C:\Users\User\Desktop\Advanced Step 3\Bacterium.cpp(160,27): warning C4244: =: преобразование "double" в "float", возможна потеря данных
C:\Users\User\Desktop\Advanced Step 3\Bacterium.cpp(161,27): warning C4244: =: преобразование "double" в "float", возможна потеря данных
C:\Users\User\Desktop\Advanced Step 3\Bacterium.cpp(162,36): warning C4244: =: преобразование "double" в "float", возможна потеря данных
C:\Users\User\Desktop\Advanced Step 3\Bacterium.cpp(164,30): warning C4244: =: преобразование "double" в "float", возможна потеря данных
C:\Users\User\Desktop\Advanced Step 3\Bacterium.cpp(165,34): warning C4244: =: преобразование "double" в "float", возможна потеря данных
     Создается библиотека C:\Users\User\Desktop\Advanced Step 3\PD_Library_New\x64\Debug\PD_Library_New.lib и объект C:\Users\User\Desktop\Advanced Step 3\PD_Library_New\x64\Debug\PD_Library_New.exp
  PD_Library_New.vcxproj -> C:\Users\User\Desktop\Advanced Step 3\PD_Library_New\x64\Debug\PD_Library_New.dll
